2023-12-25 17:51:10+0100 [INFO] - Process started.
2023-12-25 17:51:10+0100 [INFO] - YouTube service created successfully.
2023-12-25 17:54:37+0100 [INFO] - Process ended.
2023-12-25 19:49:26+0000 [INFO] - Process started.
2023-12-25 19:49:26+0000 [INFO] - API credentials refreshed.
2023-12-25 19:49:26+0000 [INFO] - YouTube service created successfully.
2023-12-25 19:49:26+0000 [INFO] - Iterative research for 221 YouTube channels.
2023-12-25 19:50:34+0000 [INFO] - Add statistics for 14 video(s).
2023-12-25 19:50:39+0000 [INFO] - Addition to "Release Radar": 7 video(s).
2023-12-25 19:50:43+0000 [INFO] - Addition to "Watch Later": 2 video(s).
2023-12-25 19:50:43+0000 [INFO] - Addition to "Shorts only": 4 YT short(s).
2023-12-25 19:50:46+0000 [INFO] - Repository Secret 'CREDS_B64' updated successfully.
2023-12-25 19:50:46+0000 [INFO] - Process ended.
2023-12-26 01:13:43+0000 [INFO] - Process started.
2023-12-26 01:13:43+0000 [INFO] - API credentials refreshed.
2023-12-26 01:13:43+0000 [INFO] - YouTube service created successfully.
2023-12-26 01:13:43+0000 [INFO] - Iterative research for 221 YouTube channels.
2023-12-26 01:14:40+0000 [INFO] - Add statistics for 5 video(s).
2023-12-26 01:14:41+0000 [INFO] - Addition to "Release Radar": 2 video(s).
2023-12-26 01:14:41+0000 [INFO] - Addition to "Watch Later": 2 video(s).
2023-12-26 01:14:41+0000 [INFO] - Addition to "Shorts only": 1 YT short(s).
2023-12-26 01:14:42+0000 [INFO] - Repository Secret 'CREDS_B64' updated successfully.
2023-12-26 01:14:42+0000 [INFO] - Process ended.
2023-12-27 10:44:57+0100 [INFO] - Process started.
2023-12-27 10:44:57+0100 [INFO] - YouTube service created successfully.
2023-12-27 10:44:57+0100 [INFO] - Iterative research for 222 YouTube channels.
2023-12-27 10:45:02+0100 [WARNING] - Playlist not found: UUzHWSEgF38Q_TFYhXw-_FmA
2023-12-27 10:46:42+0100 [INFO] - Add statistics for 33 video(s).
2023-12-27 10:47:01+0100 [INFO] - Addition to "Banger Radar": 1 video(s).
2023-12-27 10:47:02+0100 [INFO] - Addition to "Release Radar": 17 video(s).
2023-12-27 10:47:12+0100 [INFO] - Addition to "Watch Later": 4 video(s).
2023-12-27 10:47:14+0100 [INFO] - Addition to "Shorts only": 8 YT short(s).
2023-12-27 10:47:19+0100 [INFO] - Process ended.
