2024-10-20 07:14:34+0000 [INFO] - Process started.
2024-10-20 07:14:34+0000 [INFO] - API credentials refreshed.
2024-10-20 07:14:34+0000 [INFO] - YouTube service created successfully.
2024-10-20 07:14:34+0000 [INFO] - Iterative research for 228 YouTube channels.
2024-10-20 07:15:44+0000 [INFO] - Add statistics for 41 video(s).
2024-10-20 07:16:49+0000 [INFO] - Addition to "Banger Radar": 1 video(s).
2024-10-20 07:16:49+0000 [INFO] - Addition to "Release Radar": 18 video(s).
2024-10-20 07:16:50+0000 [WARNING] - Addition Request Failure: (_EBwXrLDJFo) - YouTubeException
2024-10-20 07:16:50+0000 [WARNING] - Addition Request Failure: (XVHii6yYqyA) - YouTubeException
2024-10-20 07:16:51+0000 [WARNING] - Addition Request Failure: (KCbtnviQFgg) - YouTubeException
2024-10-20 07:16:52+0000 [WARNING] - Addition Request Failure: (fwcA6eQKv1Q) - YouTubeException
2024-10-20 07:16:52+0000 [WARNING] - Addition Request Failure: (i4uzj0379z0) - YouTubeException
2024-10-20 07:16:52+0000 [WARNING] - Addition Request Failure: (YzGDd2YS95U) - YouTubeException
2024-10-20 07:16:53+0000 [WARNING] - Addition Request Failure: (uYRj4H48zCE) - YouTubeException
2024-10-20 07:16:53+0000 [WARNING] - Addition Request Failure: (0rjaP9aImKA) - YouTubeException
2024-10-20 07:16:53+0000 [WARNING] - Addition Request Failure: (r_Q-czwwsUI) - YouTubeException
2024-10-20 07:16:53+0000 [WARNING] - Addition Request Failure: (9Wnvgmr9JV8) - YouTubeException
2024-10-20 07:16:54+0000 [WARNING] - Addition Request Failure: (sGGQoolM13g) - YouTubeException
2024-10-20 07:16:54+0000 [WARNING] - Addition Request Failure: (THTg9A1Tg_0) - YouTubeException
2024-10-20 07:16:57+0000 [INFO] - Addition to "Watch Later": 5 video(s).
2024-10-20 07:17:01+0000 [INFO] - 10 addition(s) from Re-listening playlist.
2024-10-20 07:17:12+0000 [INFO] - 24 addition(s) from Legacy playlist.
2024-10-20 07:17:46+0000 [INFO] - Repository Secret 'CREDS_B64' updated successfully.
2024-10-20 07:17:46+0000 [INFO] - Process ended.
