2026-07-01 10:45:32+0000 [INFO] - Process started.
2026-07-01 10:45:32+0000 [INFO] - API credentials refreshed.
2026-07-01 10:45:32+0000 [INFO] - YouTube service created successfully.
2026-07-01 10:45:32+0000 [INFO] - Iterative research for 233 YouTube channels.
2026-07-01 10:46:44+0000 [INFO] - Add statistics for 61 video(s).
2026-07-01 10:47:15+0000 [INFO] - Addition to "Banger Radar": 8 video(s).
2026-07-01 10:47:19+0000 [INFO] - Addition to "Release Radar": 14 video(s).
2026-07-01 10:47:27+0000 [INFO] - Addition to "Educational content": 6 video(s).
2026-07-01 10:47:30+0000 [INFO] - Addition to "Entertainment & Gaming": 5 video(s).
2026-07-01 10:47:32+0000 [INFO] - Addition to "ASMR & Relaxation": 1 video(s).
2026-07-01 10:47:32+0000 [INFO] - No addition necessary for Release Radar
2026-07-01 10:47:32+0000 [INFO] - Checking retention for playlist "🧠 Educational content (Private)" (retention: 30 days)
2026-07-01 10:47:33+0000 [INFO] - No expired videos in "🧠 Educational content (Private)"
2026-07-01 10:47:33+0000 [INFO] - Checking retention for playlist "🍿🎮 Entertainment & Gaming (Private)" (retention: 7 days)
2026-07-01 10:47:33+0000 [INFO] - Removing 4 expired video(s) from "🍿🎮 Entertainment & Gaming (Private)"
2026-07-01 10:47:34+0000 [INFO] - Checking retention for playlist "💤 ASMR & Relaxation (Private)" (retention: 10 days)
2026-07-01 10:47:34+0000 [INFO] - No expired videos in "💤 ASMR & Relaxation (Private)"
2026-07-01 10:47:34+0000 [INFO] - Checking ended streams for playlist "🍿🔴 My streams (Private)"
2026-07-01 10:47:35+0000 [INFO] - Removing 1 ended stream(s) from "🍿🔴 My streams (Private)"
2026-07-01 10:47:36+0000 [INFO] - Repository Secret 'CREDS_B64' updated successfully.
2026-07-01 10:47:36+0000 [INFO] - Process ended.
